<?xml version="1.0" encoding="UTF-8"?>
<testsuite xmlns:xsi="http://www.w3.org/2001/XMLSchema-instance" xsi:noNamespaceSchemaLocation="https://maven.apache.org/surefire/maven-surefire-plugin/xsd/surefire-test-report-3.0.xsd" version="3.0" name="homework5.FamilyTest" time="0.059" tests="7" errors="0" skipped="0" failures="0">
  <properties>
[...]
</properties>
  <testcase name="testToString" classname="homework5.FamilyTest" time="0.025"/>
  <testcase name="testDeleteChildObjIsDeleted" classname="homework5.FamilyTest" time="0.002"/>
  <testcase name="testAddChild" classname="homework5.FamilyTest" time="0.001"/>
  <testcase name="testDeleteChildIdxIsNotDeleted" classname="homework5.FamilyTest" time="0.001"/>
  <testcase name="testDeleteChildIdxIstDeleted" classname="homework5.FamilyTest" time="0.001"/>
  <testcase name="countFamily" classname="homework5.FamilyTest" time="0.001"/>
  <testcase name="testDeleteChildObjIsNotDeleted" classname="homework5.FamilyTest" time="0.001"/>
</testsuite>